populationSize = 5000;
numberOfGenerations = 500;

nbOperators = 4;
nbVariablesReg = 3;

constantReg = [1];
nbConstantsReg = size(constantReg, 2);
cMax = 10^9;


% Length in instructions (not gene)
genesPerInstruction = 4;
minChromosomeLength = 15;
maxChromosomeLength = 150;

crossoverProbability = 0.8;
mutationCoefficient = 5;
tournamentSelectionParameter = 0.75;
tournamentSize = 2;

numberOfBestIndToInsert = 3;%1+fix(rand*2);

=======================

Best Chromosome :
     2     3     1     1
     4     3     2     1
     2     2     1     3
     2     2     2     3
     4     3     3     2
     4     3     1     4
     1     1     1     4
     3     3     2     3
     1     3     1     3
     1     1     2     2
     3     2     2     1
     1     2     1     4
     4     3     4     3
     4     1     2     4
     3     1     1     3
     4     3     3     2
     4     2     4     3
     1     2     3     2
     4     2     4     1

Max fitness :
    3.7689

Min error :
    0.2653

Score :

Error table :
      X         Y          yGA        error      squareError
    _____    ________    ________    ________    ___________

       -5    -0.24792    -0.42857     0.18065      0.032635 
    -4.95    -0.25099    -0.43304     0.18205       0.03314 
     -4.9    -0.25414    -0.43759     0.18345      0.033655 
    -4.85    -0.25737    -0.44224     0.18487      0.034179 
     -4.8    -0.26068    -0.44699     0.18631      0.034711 
    -4.75    -0.26407    -0.45183     0.18776      0.035253 
     -4.7    -0.26755    -0.45677     0.18922      0.035804 
    -4.65    -0.27112    -0.46182     0.19069      0.036364 
     -4.6    -0.27479    -0.46697     0.19218      0.036934 
    -4.55    -0.27856    -0.47223     0.19368      0.037511 
     -4.5    -0.28242    -0.47761     0.19519      0.038098 
    -4.45     -0.2864    -0.48311     0.19671      0.038693 
     -4.4    -0.29049    -0.48872     0.19823      0.039297 
    -4.35    -0.29469    -0.49446     0.19977      0.039909 
     -4.3    -0.29901    -0.50033     0.20132      0.040528 
    -4.25    -0.30346    -0.50633     0.20287      0.041155 
     -4.2    -0.30804    -0.51247     0.20442      0.041788 
    -4.15    -0.31276    -0.51874     0.20598      0.042428 
     -4.1    -0.31762    -0.52516     0.20754      0.043073 
    -4.05    -0.32263    -0.53174      0.2091      0.043724 
       -4     -0.3278    -0.53846     0.21066      0.044378 
    -3.95    -0.33313    -0.54535     0.21222      0.045035 
     -3.9    -0.33863     -0.5524     0.21376      0.045694 
    -3.85    -0.34432    -0.55962      0.2153      0.046354 
     -3.8    -0.35019    -0.56701     0.21682      0.047013 
    -3.75    -0.35625    -0.57459     0.21833      0.047669 
     -3.7    -0.36253    -0.58235     0.21982      0.048321 
    -3.65    -0.36902     -0.5903     0.22128      0.048966 
     -3.6    -0.37574    -0.59846     0.22272      0.049602 
    -3.55     -0.3827    -0.60681     0.22411      0.050227 
     -3.5    -0.38991    -0.61538     0.22547      0.050837 
    -3.45    -0.39739    -0.62417     0.22678      0.051429 
     -3.4    -0.40516    -0.63319     0.22803      0.051999 
    -3.35    -0.41321    -0.64243     0.22922      0.052542 
     -3.3    -0.42158    -0.65192     0.23034      0.053055 
    -3.25    -0.43028    -0.66165     0.23137      0.053532 
     -3.2    -0.43933    -0.67164     0.23231      0.053967 
    -3.15    -0.44875    -0.68189     0.23314      0.054354 
     -3.1    -0.45856    -0.69241     0.23385      0.054685 
    -3.05    -0.46879    -0.70321     0.23442      0.054952 
       -3    -0.47945    -0.71429     0.23483      0.055147 
    -2.95    -0.49058    -0.72566     0.23507       0.05526 
     -2.9    -0.50221    -0.73733     0.23512       0.05528 
    -2.85    -0.51436     -0.7493     0.23494      0.055196 
     -2.8    -0.52708    -0.76159     0.23451      0.054995 
    -2.75    -0.54039    -0.77419      0.2338      0.054664 
     -2.7    -0.55434    -0.78712     0.23278      0.054187 
    -2.65    -0.56896    -0.80037     0.23141       0.05355 
     -2.6    -0.58431    -0.81395     0.22964      0.052735 
    -2.55    -0.60043    -0.82786     0.22743      0.051726 
     -2.5    -0.61738    -0.84211     0.22473      0.050504 
    -2.45     -0.6352    -0.85667     0.22147      0.049051 
     -2.4    -0.65396    -0.87156      0.2176      0.047349 
    -2.35    -0.67373    -0.88676     0.21303      0.045383 
     -2.3    -0.69456    -0.90226     0.20769      0.043137 
    -2.25    -0.71654    -0.91803      0.2015      0.040601 
     -2.2    -0.73973    -0.93407     0.19434      0.037768 
    -2.15    -0.76421    -0.95032     0.18612      0.034639 
     -2.1    -0.79006    -0.96677     0.17671      0.031227 
    -2.05    -0.81735    -0.98335       0.166      0.027556 
       -2    -0.84615          -1     0.15385      0.023669 
    -1.95    -0.87654     -1.0167     0.14011      0.019632 
     -1.9    -0.90855     -1.0332     0.12466       0.01554 
    -1.85    -0.94221     -1.0496     0.10735      0.011524 
     -1.8    -0.97752     -1.0656     0.08805     0.0077528 
    -1.75     -1.0144     -1.0811    0.066666     0.0044443 
     -1.7     -1.0528     -1.0959    0.043137     0.0018608 
    -1.65     -1.0923     -1.1098    0.017475    0.00030537 
     -1.6     -1.1326     -1.1224    0.010201    0.00010406 
    -1.55     -1.1732     -1.1336    0.039613     0.0015692 
     -1.5     -1.2131     -1.1429    0.070258     0.0049361 
    -1.45     -1.2511     -1.1498     0.10132      0.010265 
     -1.4     -1.2854     -1.1538     0.13155      0.017306 
    -1.35     -1.3137     -1.1545     0.15917      0.025336 
     -1.3     -1.3328     -1.1511     0.18173      0.033026 
    -1.25     -1.3389     -1.1429     0.19602      0.038424 
     -1.2     -1.3271      -1.129      0.1981      0.039243 
    -1.15     -1.2922     -1.1087     0.18349      0.033668 
     -1.1     -1.2288     -1.0811     0.14769      0.021812 
    -1.05     -1.1322     -1.0451    0.087051     0.0075778 
       -1          -1          -1           0             0 
    -0.95    -0.83319    -0.94488     0.11169      0.012475 
     -0.9    -0.63704    -0.87912     0.24208      0.058603 
    -0.85    -0.42104    -0.80229     0.38125       0.14535 
     -0.8    -0.19751    -0.71429     0.51678       0.26706 
    -0.75    0.020725    -0.61538     0.63611       0.40464 
     -0.7     0.22264    -0.50633     0.72897       0.53139 
    -0.65     0.40062    -0.38835     0.78897       0.62248 
     -0.6     0.55094    -0.26316     0.81409       0.66275 
    -0.55     0.67316    -0.13289     0.80605       0.64971 
     -0.5     0.76923           0     0.76923       0.59172 
    -0.45     0.84242     0.13289     0.70953       0.50343 
     -0.4     0.89649     0.26316     0.63333       0.40111 
    -0.35     0.93515     0.38835      0.5468       0.29899 
     -0.3     0.96177     0.50633     0.45544       0.20743 
    -0.25     0.97925     0.61538     0.36387        0.1324 
     -0.2     0.99002     0.71429     0.27573      0.076028 
    -0.15     0.99603     0.80229     0.19374      0.037535 
     -0.1     0.99889     0.87912     0.11977      0.014344 
    -0.05     0.99987     0.94488    0.054987     0.0030235 
        0           1           1       1e-09         1e-18 
     0.05      1.0001      1.0451    0.045012      0.002026 
      0.1      1.0009      1.0811    0.080172     0.0064276 
     0.15      1.0029      1.1087     0.10581      0.011195 
      0.2      1.0067       1.129     0.12238      0.014976 
     0.25      1.0124      1.1429     0.13041      0.017007 
      0.3      1.0206      1.1511     0.13049      0.017028 
     0.35      1.0312      1.1545     0.12327      0.015196 
      0.4      1.0444      1.1538     0.10948      0.011987 
     0.45      1.0598      1.1498    0.090002     0.0081003 
      0.5      1.0769      1.1429    0.065934     0.0043473 
     0.55      1.0949      1.1336    0.038713     0.0014987 
      0.6      1.1123      1.1224    0.010183    0.00010369 
     0.65      1.1271      1.1098    0.017369    0.00030169 
      0.7      1.1372      1.0959    0.041291      0.001705 
     0.75      1.1399      1.0811    0.058815     0.0034592 
      0.8      1.1331      1.0656    0.067482     0.0045539 
     0.85      1.1152      1.0496    0.065657     0.0043108 
      0.9      1.0862      1.0332     0.05295     0.0028037 
     0.95       1.047      1.0167    0.030353    0.00092129 
        1           1           1           0             0 
     1.05       0.948     0.98335    0.035351     0.0012497 
      1.1     0.89387     0.96677    0.072899     0.0053143 
     1.15     0.84008     0.95032     0.11025      0.012154 
      1.2     0.78844     0.93407     0.14562      0.021206 
     1.25     0.74012     0.91803     0.17791      0.031651 
      1.3     0.69572     0.90226     0.20654      0.042657 
     1.35     0.65541     0.88676     0.23135      0.053522 
      1.4      0.6191     0.87156     0.25246      0.063736 
     1.45     0.58653     0.85667     0.27014      0.072974 
      1.5     0.55738     0.84211     0.28473       0.08107 
     1.55     0.53127     0.82786      0.2966       0.08797 
      1.6     0.50785     0.81395      0.3061      0.093699 
     1.65      0.4868     0.80037     0.31358      0.098331 
      1.7      0.4678     0.78712     0.31932       0.10196 
     1.75     0.45061     0.77419     0.32358        0.1047 
      1.8     0.43499     0.76159      0.3266       0.10667 
     1.85     0.42074      0.7493     0.32856       0.10795 
      1.9     0.40769     0.73733     0.32964       0.10866 
     1.95     0.39569     0.72566     0.32997       0.10888 
        2     0.38462     0.71429     0.32967       0.10868 
     2.05     0.37436     0.70321     0.32885       0.10814 
      2.1     0.36482     0.69241     0.32759       0.10732 
     2.15     0.35592     0.68189     0.32597       0.10625 
      2.2      0.3476     0.67164     0.32404         0.105 
     2.25     0.33979     0.66165     0.32186       0.10359 
      2.3     0.33245     0.65192     0.31948       0.10206 
     2.35     0.32551     0.64243     0.31692       0.10044 
      2.4     0.31896     0.63319     0.31423      0.098741 
     2.45     0.31274     0.62417     0.31143      0.096989 
      2.5     0.30684     0.61538     0.30855        0.0952 
     2.55     0.30122     0.60681     0.30559      0.093388 
      2.6     0.29586     0.59846     0.30259      0.091563 
     2.65     0.29074      0.5903     0.29956      0.089736 
      2.7     0.28584     0.58235      0.2965      0.087914 
     2.75     0.28115     0.57459     0.29343      0.086104 
      2.8     0.27665     0.56701     0.29036      0.084311 
     2.85     0.27232     0.55962      0.2873       0.08254 
      2.9     0.26815      0.5524     0.28424      0.080794 
     2.95     0.26414     0.54535      0.2812      0.079076 
        3     0.26027     0.53846     0.27819      0.077388 
     3.05     0.25654     0.53174      0.2752      0.075733 
      3.1     0.25293     0.52516     0.27223      0.074111 
     3.15     0.24944     0.51874      0.2693      0.072523 
      3.2     0.24606     0.51247      0.2664       0.07097 
     3.25     0.24279     0.50633     0.26354      0.069452 
      3.3     0.23962     0.50033     0.26071       0.06797 
     3.35     0.23654     0.49446     0.25792      0.066523 
      3.4     0.23355     0.48872     0.25517      0.065112 
     3.45     0.23065     0.48311     0.25246      0.063735 
      3.5     0.22783     0.47761     0.24979      0.062393 
     3.55     0.22508     0.47223     0.24715      0.061085 
      3.6     0.22241     0.46697     0.24456      0.059811 
     3.65     0.21981     0.46182     0.24201      0.058569 
      3.7     0.21727     0.45677      0.2395       0.05736 
     3.75      0.2148     0.45183     0.23703      0.056182 
      3.8     0.21239     0.44699     0.23459      0.055034 
     3.85     0.21004     0.44224      0.2322      0.053917 
      3.9     0.20775     0.43759     0.22985      0.052829 
     3.95     0.20551     0.43304     0.22753       0.05177 
        4     0.20332     0.42857     0.22525      0.050738 
     4.05     0.20118     0.42419     0.22301      0.049734 
      4.1     0.19909      0.4199     0.22081      0.048756 
     4.15     0.19705     0.41569     0.21864      0.047804 
      4.2     0.19505     0.41156     0.21651      0.046876 
     4.25     0.19309     0.40751     0.21441      0.045973 
      4.3     0.19118     0.40353     0.21235      0.045093 
     4.35     0.18931     0.39963     0.21032      0.044236 
      4.4     0.18747      0.3958     0.20833      0.043401 
     4.45     0.18567     0.39204     0.20637      0.042587 
      4.5     0.18391     0.38835     0.20444      0.041795 
     4.55     0.18219     0.38473     0.20254      0.041022 
      4.6     0.18049     0.38117     0.20067       0.04027 
     4.65     0.17883     0.37767     0.19884      0.039536 
      4.7      0.1772     0.37424     0.19703      0.038821 
     4.75     0.17561     0.37086     0.19525      0.038124 
      4.8     0.17404     0.36755      0.1935      0.037444 
     4.85      0.1725     0.36429     0.19178      0.036781 
      4.9     0.17099     0.36108     0.19009      0.036135 
     4.95     0.16951     0.35793     0.18843      0.035504 
        5     0.16805     0.35484     0.18679      0.034889 

Global :
    meanError    rmsError    fitness
    _________    ________    _______

     0.22718     0.26533     3.7689       

--> Over !